[2025-07-14 16:28:41] Log inicializado
[2025-07-14 16:28:48] INFO: Iniciando procesamiento OCR en: C:\Users\USUARIO 283\Documents\joseph\prueba\entrada
[2025-07-14 16:28:48] INFO: Guardando resultados en: C:\Users\USUARIO 283\Documents\joseph\prueba\salida
[2025-07-14 16:28:48] INFO: Iniciando OCR para: EXP-1.pdf
[2025-07-14 16:28:48] INFO: OCR del archivo: C:\Users\USUARIO 283\Documents\joseph\prueba\entrada\EXP-1.pdf
[2025-07-14 16:28:50] INFO: PDF convertido en 3 imágenes
[2025-07-14 16:29:28] INFO: Texto guardado en C:\Users\USUARIO 283\Documents\joseph\prueba\salida\EXP-1\EXP-1_pagina_1.txt
[2025-07-14 16:29:28] INFO: PDF de texto guardado en: C:\Users\USUARIO 283\Documents\joseph\prueba\salida\EXP-1\EXP-1_pagina_1_texto.pdf
[2025-07-14 16:29:29] INFO: PDF searchable guardado en: C:\Users\USUARIO 283\Documents\joseph\prueba\salida\EXP-1\EXP-1_pagina_1_searchable.pdf
[2025-07-14 16:30:07] INFO: Texto guardado en C:\Users\USUARIO 283\Documents\joseph\prueba\salida\EXP-1\EXP-1_pagina_2.txt
[2025-07-14 16:30:07] INFO: PDF de texto guardado en: C:\Users\USUARIO 283\Documents\joseph\prueba\salida\EXP-1\EXP-1_pagina_2_texto.pdf
[2025-07-14 16:30:08] INFO: PDF searchable guardado en: C:\Users\USUARIO 283\Documents\joseph\prueba\salida\EXP-1\EXP-1_pagina_2_searchable.pdf
[2025-07-14 16:30:55] ERROR: OCR fallido o sin texto útil en página 3 de EXP-1
[2025-07-14 16:30:55] ERROR: Error creando PDF searchable combinado: cannot import name 'create_combined_searchable_pdf' from 'ocr_utils.ocr_pdf_overlay' (C:\Users\USUARIO 283\Documents\joseph\prueba\pruebaPDF\ocr_app\ocr_utils\ocr_pdf_overlay.py)
[2025-07-14 16:30:55] ERROR: Error insertando metadatos en EXP-1_searchable.pdf: [Errno 2] No such file or directory: 'C:\\Users\\USUARIO 283\\Documents\\joseph\\prueba\\salida\\EXP-1\\EXP-1_searchable.pdf'
[2025-07-14 16:30:55] INFO: Procesado correctamente: EXP-1.pdf
[2025-07-14 16:30:55] INFO: Iniciando OCR para: EXP-2.pdf
[2025-07-14 16:30:55] INFO: OCR del archivo: C:\Users\USUARIO 283\Documents\joseph\prueba\entrada\EXP-2.pdf
[2025-07-14 16:31:00] INFO: PDF convertido en 6 imágenes
[2025-07-14 16:31:43] ERROR: OCR fallido o sin texto útil en página 1 de EXP-2
[2025-07-14 16:32:15] INFO: Texto guardado en C:\Users\USUARIO 283\Documents\joseph\prueba\salida\EXP-2\EXP-2_pagina_2.txt
[2025-07-14 16:32:15] INFO: PDF de texto guardado en: C:\Users\USUARIO 283\Documents\joseph\prueba\salida\EXP-2\EXP-2_pagina_2_texto.pdf
[2025-07-14 16:32:17] INFO: PDF searchable guardado en: C:\Users\USUARIO 283\Documents\joseph\prueba\salida\EXP-2\EXP-2_pagina_2_searchable.pdf
[2025-07-14 16:33:03] INFO: Texto guardado en C:\Users\USUARIO 283\Documents\joseph\prueba\salida\EXP-2\EXP-2_pagina_3.txt
[2025-07-14 16:33:03] INFO: PDF de texto guardado en: C:\Users\USUARIO 283\Documents\joseph\prueba\salida\EXP-2\EXP-2_pagina_3_texto.pdf
[2025-07-14 16:33:04] INFO: PDF searchable guardado en: C:\Users\USUARIO 283\Documents\joseph\prueba\salida\EXP-2\EXP-2_pagina_3_searchable.pdf
[2025-07-14 16:33:48] INFO: Texto guardado en C:\Users\USUARIO 283\Documents\joseph\prueba\salida\EXP-2\EXP-2_pagina_4.txt
[2025-07-14 16:33:48] INFO: PDF de texto guardado en: C:\Users\USUARIO 283\Documents\joseph\prueba\salida\EXP-2\EXP-2_pagina_4_texto.pdf
[2025-07-14 16:33:50] INFO: PDF searchable guardado en: C:\Users\USUARIO 283\Documents\joseph\prueba\salida\EXP-2\EXP-2_pagina_4_searchable.pdf
